<?xml version="1.0" encoding="UTF-8"?>
<!-- Generated by org.testng.reporters.JUnitReportReporter -->
<testsuite hostname="DESKTOP-61UCCFL" failures="0" tests="2" name="TestCases.VerifyRegisterAndLogin" time="20.417" errors="0" timestamp="2023-12-01T14:42:27 IST" skipped="0">
  <testcase classname="TestCases.VerifyRegisterAndLogin" name="VerifyValidRegister" time="11.720"/>
  <testcase classname="TestCases.VerifyRegisterAndLogin" name="ValidLogin" time="8.697"/>
</testsuite> <!-- TestCases.VerifyRegisterAndLogin -->
