<?xml version="1.0" encoding="UTF-8"?>
<!-- Generated by org.testng.reporters.JUnitReportReporter -->
<testsuite hostname="DESKTOP-61UCCFL" failures="0" tests="2" name="TestCases.RegisterTestCases" time="42.659" errors="0" timestamp="2023-07-27T15:50:31 IST" skipped="0">
  <testcase classname="TestCases.RegisterTestCases" name="VerifyValidRegister" time="24.080"/>
  <testcase classname="TestCases.RegisterTestCases" name="VerifyInvalidRegister" time="18.579"/>
</testsuite> <!-- TestCases.RegisterTestCases -->
