<?xml version="1.0" encoding="UTF-8"?>
<!-- Generated by org.testng.reporters.JUnitReportReporter -->
<testsuite hostname="DESKTOP-61UCCFL" failures="0" tests="1" name="TestCases.VerifyAddToCart" time="8.567" errors="0" timestamp="2023-12-01T14:51:32 IST" skipped="0">
  <testcase classname="TestCases.VerifyAddToCart" name="CartTest" time="8.567"/>
</testsuite> <!-- TestCases.VerifyAddToCart -->
