<?xml version="1.0" encoding="UTF-8"?>
<!-- Generated by org.testng.reporters.JUnitReportReporter -->
<testsuite hostname="DESKTOP-61UCCFL" failures="0" tests="1" name="TestCases.VerifyHeader" time="63.142" errors="0" timestamp="2023-08-04T15:10:58 IST" skipped="0">
  <testcase classname="TestCases.VerifyHeader" name="VerifyDesktopHeader" time="63.142"/>
</testsuite> <!-- TestCases.VerifyHeader -->
