<?xml version="1.0" encoding="UTF-8"?>
<!-- Generated by org.testng.reporters.JUnitReportReporter -->
<testsuite hostname="DESKTOP-61UCCFL" failures="0" tests="1" name="TestCases.VerifyHeader" time="14.960" errors="0" timestamp="2023-12-01T14:41:45 IST" skipped="0">
  <testcase classname="TestCases.VerifyHeader" name="VerifyDesktopHeader" time="14.960"/>
</testsuite> <!-- TestCases.VerifyHeader -->
