<?xml version="1.0" encoding="UTF-8"?>
<!-- Generated by org.testng.reporters.JUnitReportReporter -->
<testsuite hostname="DESKTOP-61UCCFL" failures="0" tests="1" name="TestCases.VerifyHeaderTestcases" time="10.503" errors="0" timestamp="2023-08-02T15:32:22 IST" skipped="0">
  <testcase classname="TestCases.VerifyHeaderTestcases" name="VerifyDesktopHeader" time="10.503"/>
</testsuite> <!-- TestCases.VerifyHeaderTestcases -->
