<?xml version="1.0" encoding="UTF-8"?>
<!-- Generated by org.testng.reporters.JUnitReportReporter -->
<testsuite hostname="DESKTOP-61UCCFL" failures="0" tests="4" name="TestCases.RegisterLoginTestCases" time="64.851" errors="0" timestamp="2023-08-01T14:26:36 IST" skipped="0">
  <testcase classname="TestCases.RegisterLoginTestCases" name="VerifyValidRegister" time="22.611"/>
  <testcase classname="TestCases.RegisterLoginTestCases" name="ValidLogin" time="12.302"/>
  <testcase classname="TestCases.RegisterLoginTestCases" name="VerifyInvalidRegister" time="16.662"/>
  <testcase classname="TestCases.RegisterLoginTestCases" name="InvalidLogin" time="13.276"/>
</testsuite> <!-- TestCases.RegisterLoginTestCases -->
