<?xml version="1.0" encoding="UTF-8"?>
<!-- Generated by org.testng.reporters.JUnitReportReporter -->
<testsuite hostname="DESKTOP-61UCCFL" failures="0" tests="2" name="TestCases.VerifyRegisterAndLogin" time="31.079" errors="0" timestamp="2023-08-04T15:10:58 IST" skipped="0">
  <testcase classname="TestCases.VerifyRegisterAndLogin" name="VerifyValidRegister" time="22.047"/>
  <testcase classname="TestCases.VerifyRegisterAndLogin" name="ValidLogin" time="9.032"/>
</testsuite> <!-- TestCases.VerifyRegisterAndLogin -->
